#
# There is insufficient memory for the Java Runtime Environment to continue.
# Native memory allocation (malloc) failed to allocate 1048576 bytes. Error detail: AllocateHeap
# Possible reasons:
#   The system is out of physical RAM or swap space
#   This process is running with CompressedOops enabled, and the Java Heap may be blocking the growth of the native heap
# Possible solutions:
#   Reduce memory load on the system
#   Increase physical memory or swap space
#   Check if swap backing store is full
#   Decrease Java heap size (-Xmx/-Xms)
#   Decrease number of Java threads
#   Decrease Java thread stack sizes (-Xss)
#   Set larger code cache with -XX:ReservedCodeCacheSize=
#   JVM is running with Unscaled Compressed Oops mode in which the Java heap is
#     placed in the first 4GB address space. The Java Heap base address is the
#     maximum limit for the native heap growth. Please use -XX:HeapBaseMinAddress
#     to set the Java Heap base and to place the Java Heap above 4GB virtual address.
# This output file may be truncated or incomplete.
#
#  Out of Memory Error (allocation.cpp:44), pid=6088, tid=3004
#
# JRE version: OpenJDK Runtime Environment Temurin-21.0.10+7 (21.0.10+7) (build 21.0.10+7-LTS)
# Java VM: OpenJDK 64-Bit Server VM Temurin-21.0.10+7 (21.0.10+7-LTS, mixed mode, sharing, tiered, compressed oops, compressed class ptrs, parallel gc, windows-amd64)
# No core dump will be written. Minidumps are not enabled by default on client versions of Windows
#

---------------  S U M M A R Y ------------

Command Line: --add-modules=ALL-SYSTEM --add-opens=java.base/java.util=ALL-UNNAMED --add-opens=java.base/java.lang=ALL-UNNAMED --add-opens=java.base/sun.nio.fs=ALL-UNNAMED -Declipse.application=org.eclipse.jdt.ls.core.id1 -Dosgi.bundles.defaultStartLevel=4 -Declipse.product=org.eclipse.jdt.ls.core.product -Djava.import.generatesMetadataFilesAtProjectRoot=false -DDetectVMInstallationsJob.disabled=true -Dfile.encoding=utf8 -XX:+UseParallelGC -XX:GCTimeRatio=4 -XX:AdaptiveSizePolicyWeight=90 -Dsun.zip.disableMemoryMapping=true -Xmx2G -Xms100m -Xlog:disable -javaagent:c:\Users\Victus\.antigravity\extensions\redhat.java-1.53.0-win32-x64\lombok\lombok-1.18.39-4050.jar -XX:+HeapDumpOnOutOfMemoryError -XX:HeapDumpPath=c:\Users\Victus\AppData\Roaming\Antigravity\User\workspaceStorage\e62d92b64980c16ddbb7deb33a18e509\redhat.java -Daether.dependencyCollector.impl=bf c:\Users\Victus\.antigravity\extensions\redhat.java-1.53.0-win32-x64\server\plugins\org.eclipse.equinox.launcher_1.7.100.v20251111-0406.jar -configuration c:\Users\Victus\AppData\Roaming\Antigravity\User\globalStorage\redhat.java\1.53.0\config_win -data c:\Users\Victus\AppData\Roaming\Antigravity\User\workspaceStorage\e62d92b64980c16ddbb7deb33a18e509\redhat.java\jdt_ws --pipe=\\.\pipe\lsp-e711b6d077eafbeb7e3f24033122d369-sock

Host: AMD Ryzen 5 5600H with Radeon Graphics         , 12 cores, 15G,  Windows 11 , 64 bit Build 26100 (10.0.26100.7920)
Time: Mon Apr 13 03:03:25 2026 India Standard Time elapsed time: 26078.535350 seconds (0d 7h 14m 38s)

---------------  T H R E A D  ---------------

Current thread (0x000002ac8cf4a400):  JavaThread "Attach Listener" daemon [_thread_in_vm, id=3004, stack(0x000000de49600000,0x000000de49700000) (1024K)]

Stack: [0x000000de49600000,0x000000de49700000]
Native frames: (J=compiled Java code, j=interpreted, Vv=VM code, C=native code)
V  [jvm.dll+0x6d7a39]
V  [jvm.dll+0x8b4b26]
V  [jvm.dll+0x8b70de]
V  [jvm.dll+0x8b77c3]
V  [jvm.dll+0x284346]
V  [jvm.dll+0xc1277]
V  [jvm.dll+0x6d82e9]
V  [jvm.dll+0x1334a6]
V  [jvm.dll+0x3f857e]
V  [jvm.dll+0x85f59d]
V  [jvm.dll+0x6d626d]
C  [ucrtbase.dll+0x37b0]
C  [KERNEL32.DLL+0x2e8d7]
C  [ntdll.dll+0x8c48c]


---------------  P R O C E S S  ---------------

Threads class SMR info:
_java_thread_list=0x000002aced5da7e0, length=39, elements={
0x000002ac8ce9def0, 0x000002ac8ce4e2c0, 0x000002ac8cf44610, 0x000002ac8cf499a0,
0x000002ac8cf4a400, 0x000002ac8cf4ae60, 0x000002ac8cf4b960, 0x000002ac8cf55060,
0x000002ac8cf5bfe0, 0x000002ace5e07120, 0x000002ace5e077b0, 0x000002ace5e07e40,
0x000002ace5e06400, 0x000002ace5e084d0, 0x000002ace5e056e0, 0x000002ace5e06a90,
0x000002ace5e05d70, 0x000002ace5e05050, 0x000002aced206e60, 0x000002aced207b80,
0x000002aced208f30, 0x000002aced20a970, 0x000002aced2088a0, 0x000002aced2074f0,
0x000002aced20b000, 0x000002aced208210, 0x000002aced20a2e0, 0x000002aced20c3b0,
0x000002aced2095c0, 0x000002aced20b690, 0x000002aced209c50, 0x000002aced20bd20,
0x000002acee2de170, 0x000002acee2dcdc0, 0x000002acee2dee90, 0x000002acee2df520,
0x000002acee2dfbb0, 0x000002acee2dd450, 0x000002acf9e0aa50
}

Java Threads: ( => current thread )
  0x000002ac8ce9def0 JavaThread "main"                              [_thread_blocked, id=16064, stack(0x000000de48f00000,0x000000de49000000) (1024K)]
  0x000002ac8ce4e2c0 JavaThread "Reference Handler"          daemon [_thread_blocked, id=16768, stack(0x000000de49300000,0x000000de49400000) (1024K)]
  0x000002ac8cf44610 JavaThread "Finalizer"                  daemon [_thread_blocked, id=19856, stack(0x000000de49400000,0x000000de49500000) (1024K)]
  0x000002ac8cf499a0 JavaThread "Signal Dispatcher"          daemon [_thread_blocked, id=16300, stack(0x000000de49500000,0x000000de49600000) (1024K)]
=>0x000002ac8cf4a400 JavaThread "Attach Listener"            daemon [_thread_in_vm, id=3004, stack(0x000000de49600000,0x000000de49700000) (1024K)]
  0x000002ac8cf4ae60 JavaThread "Service Thread"             daemon [_thread_blocked, id=15596, stack(0x000000de49700000,0x000000de49800000) (1024K)]
  0x000002ac8cf4b960 JavaThread "Monitor Deflation Thread"   daemon [_thread_blocked, id=5340, stack(0x000000de49800000,0x000000de49900000) (1024K)]
  0x000002ac8cf55060 JavaThread "C2 CompilerThread0"         daemon [_thread_blocked, id=16368, stack(0x000000de49900000,0x000000de49a00000) (1024K)]
  0x000002ac8cf5bfe0 JavaThread "C1 CompilerThread0"         daemon [_thread_blocked, id=14748, stack(0x000000de49a00000,0x000000de49b00000) (1024K)]
  0x000002ace5e07120 JavaThread "Common-Cleaner"             daemon [_thread_blocked, id=9828, stack(0x000000de49b00000,0x000000de49c00000) (1024K)]
  0x000002ace5e077b0 JavaThread "Notification Thread"        daemon [_thread_blocked, id=20324, stack(0x000000de49e00000,0x000000de49f00000) (1024K)]
  0x000002ace5e07e40 JavaThread "Active Thread: Equinox Container: 2be689d1-110c-4703-a479-38c8e8f5e86a"        [_thread_blocked, id=12340, stack(0x000000de4a500000,0x000000de4a600000) (1024K)]
  0x000002ace5e06400 JavaThread "Refresh Thread: Equinox Container: 2be689d1-110c-4703-a479-38c8e8f5e86a" daemon [_thread_blocked, id=12724, stack(0x000000de4a600000,0x000000de4a700000) (1024K)]
  0x000002ace5e084d0 JavaThread "Framework Event Dispatcher: Equinox Container: 2be689d1-110c-4703-a479-38c8e8f5e86a" daemon [_thread_blocked, id=13092, stack(0x000000de4a700000,0x000000de4a800000) (1024K)]
  0x000002ace5e056e0 JavaThread "Start Level: Equinox Container: 2be689d1-110c-4703-a479-38c8e8f5e86a" daemon [_thread_blocked, id=19820, stack(0x000000de4a800000,0x000000de4a900000) (1024K)]
  0x000002ace5e06a90 JavaThread "Bundle File Closer"         daemon [_thread_blocked, id=15664, stack(0x000000de4ab00000,0x000000de4ac00000) (1024K)]
  0x000002ace5e05d70 JavaThread "SCR Component Actor"        daemon [_thread_blocked, id=2196, stack(0x000000de49d00000,0x000000de49e00000) (1024K)]
  0x000002ace5e05050 JavaThread "Worker-JM"                         [_thread_blocked, id=13364, stack(0x000000de4ae00000,0x000000de4af00000) (1024K)]
  0x000002aced206e60 JavaThread "JNA Cleaner"                daemon [_thread_blocked, id=4652, stack(0x000000de4ad00000,0x000000de4ae00000) (1024K)]
  0x000002aced207b80 JavaThread "Java indexing"              daemon [_thread_blocked, id=11016, stack(0x000000de4b300000,0x000000de4b400000) (1024K)]
  0x000002aced208f30 JavaThread "Worker-5"                          [_thread_blocked, id=4024, stack(0x000000de4b800000,0x000000de4b900000) (1024K)]
  0x000002aced20a970 JavaThread "Thread-1"                   daemon [_thread_in_native, id=11536, stack(0x000000de4b900000,0x000000de4ba00000) (1024K)]
  0x000002aced2088a0 JavaThread "Thread-2"                   daemon [_thread_in_native, id=2724, stack(0x000000de4ba00000,0x000000de4bb00000) (1024K)]
  0x000002aced2074f0 JavaThread "Thread-3"                   daemon [_thread_in_native, id=18116, stack(0x000000de4bb00000,0x000000de4bc00000) (1024K)]
  0x000002aced20b000 JavaThread "Thread-4"                   daemon [_thread_in_native, id=5852, stack(0x000000de4bc00000,0x000000de4bd00000) (1024K)]
  0x000002aced208210 JavaThread "Thread-5"                   daemon [_thread_in_native, id=3680, stack(0x000000de4bd00000,0x000000de4be00000) (1024K)]
  0x000002aced20a2e0 JavaThread "Thread-6"                   daemon [_thread_in_native, id=21416, stack(0x000000de4be00000,0x000000de4bf00000) (1024K)]
  0x000002aced20c3b0 JavaThread "Thread-7"                   daemon [_thread_in_native, id=3772, stack(0x000000de4bf00000,0x000000de4c000000) (1024K)]
  0x000002aced2095c0 JavaThread "Thread-8"                   daemon [_thread_in_native, id=20792, stack(0x000000de4c000000,0x000000de4c100000) (1024K)]
  0x000002aced20b690 JavaThread "Thread-9"                   daemon [_thread_in_native, id=9052, stack(0x000000de4c100000,0x000000de4c200000) (1024K)]
  0x000002aced209c50 JavaThread "Thread-10"                  daemon [_thread_in_native, id=13572, stack(0x000000de4c200000,0x000000de4c300000) (1024K)]
  0x000002aced20bd20 JavaThread "Thread-11"                  daemon [_thread_in_native, id=4256, stack(0x000000de4c300000,0x000000de4c400000) (1024K)]
  0x000002acee2de170 JavaThread "Thread-12"                  daemon [_thread_in_native, id=9024, stack(0x000000de4c400000,0x000000de4c500000) (1024K)]
  0x000002acee2dcdc0 JavaThread "Thread-13"                  daemon [_thread_in_native, id=11008, stack(0x000000de4c500000,0x000000de4c600000) (1024K)]
  0x000002acee2dee90 JavaThread "pool-2-thread-1"                   [_thread_blocked, id=14064, stack(0x000000de4c600000,0x000000de4c700000) (1024K)]
  0x000002acee2df520 JavaThread "WorkspaceEventsHandler"            [_thread_blocked, id=4656, stack(0x000000de4c700000,0x000000de4c800000) (1024K)]
  0x000002acee2dfbb0 JavaThread "pool-1-thread-1"                   [_thread_blocked, id=10988, stack(0x000000de4c800000,0x000000de4c900000) (1024K)]
  0x000002acee2dd450 JavaThread "Timer-0"                           [_thread_blocked, id=6536, stack(0x000000de4cb00000,0x000000de4cc00000) (1024K)]
  0x000002acf9e0aa50 JavaThread "Worker-10"                         [_thread_blocked, id=21996, stack(0x000000de48e00000,0x000000de48f00000) (1024K)]
Total: 39

Other Threads:
  0x000002ac8cf40770 VMThread "VM Thread"                           [id=9116, stack(0x000000de49200000,0x000000de49300000) (1024K)]
  0x000002ac8cd2ca00 WatcherThread "VM Periodic Task Thread"        [id=4496, stack(0x000000de49100000,0x000000de49200000) (1024K)]
  0x000002ac8cebc730 WorkerThread "GC Thread#0"                     [id=17084, stack(0x000000de49000000,0x000000de49100000) (1024K)]
  0x000002aceb6ad220 WorkerThread "GC Thread#1"                     [id=7372, stack(0x000000de49f00000,0x000000de4a000000) (1024K)]
  0x000002aceb3e80e0 WorkerThread "GC Thread#2"                     [id=14368, stack(0x000000de4a000000,0x000000de4a100000) (1024K)]
  0x000002aceb867a80 WorkerThread "GC Thread#3"                     [id=8084, stack(0x000000de4a100000,0x000000de4a200000) (1024K)]
  0x000002aceb06d1b0 WorkerThread "GC Thread#4"                     [id=8976, stack(0x000000de4a200000,0x000000de4a300000) (1024K)]
  0x000002aceb3ec590 WorkerThread "GC Thread#5"                     [id=14264, stack(0x000000de4a300000,0x000000de4a400000) (1024K)]
  0x000002aceb3ec940 WorkerThread "GC Thread#6"                     [id=6420, stack(0x000000de4a400000,0x000000de4a500000) (1024K)]
  0x000002aceb555700 WorkerThread "GC Thread#7"                     [id=14932, stack(0x000000de49c00000,0x000000de49d00000) (1024K)]
  0x000002aceb2054f0 WorkerThread "GC Thread#8"                     [id=10912, stack(0x000000de4a900000,0x000000de4aa00000) (1024K)]
  0x000002acebcdc250 WorkerThread "GC Thread#9"                     [id=14808, stack(0x000000de4aa00000,0x000000de4ab00000) (1024K)]
Total: 12

Threads with active compile tasks:
Total: 0

VM state: not at safepoint (normal execution)

VM Mutex/Monitor currently owned by a thread: None

Heap address: 0x0000000080000000, size: 2048 MB, Compressed Oops mode: 32-bit

CDS archive(s) mapped at: [0x000002aca4000000-0x000002aca4ba0000-0x000002aca4ba0000), size 12189696, SharedBaseAddress: 0x000002aca4000000, ArchiveRelocationMode: 1.
Compressed class space mapped at: 0x000002aca5000000-0x000002ace5000000, reserved size: 1073741824
Narrow klass base: 0x000002aca4000000, Narrow klass shift: 0, Narrow klass range: 0x100000000

GC Precious Log:
 CardTable entry size: 512
 CPUs: 12 total, 12 available
 Memory: 15710M
 Large Page Support: Disabled
 NUMA Support: Disabled
 Compressed Oops: Enabled (32-bit)
 Alignments: Space 512K, Generation 512K, Heap 2M
 Heap Min Capacity: 100M
 Heap Initial Capacity: 100M
 Heap Max Capacity: 2G
 Pre-touch: Disabled
 Parallel Workers: 10

Heap:
 PSYoungGen      total 2560K, used 571K [0x00000000d5580000, 0x00000000d5900000, 0x0000000100000000)
  eden space 2048K, 18% used [0x00000000d5580000,0x00000000d55dec30,0x00000000d5780000)
  from space 512K, 37% used [0x00000000d5800000,0x00000000d5830000,0x00000000d5880000)
  to   space 512K, 0% used [0x00000000d5880000,0x00000000d5880000,0x00000000d5900000)
 ParOldGen       total 854016K, used 853928K [0x0000000080000000, 0x00000000b4200000, 0x00000000d5580000)
  object space 854016K, 99% used [0x0000000080000000,0x00000000b41ea150,0x00000000b4200000)
 Metaspace       used 78625K, committed 80192K, reserved 1179648K
  class space    used 8946K, committed 9600K, reserved 1048576K

Card table byte_map: [0x000002ac8c840000,0x000002ac8cc50000] _byte_map_base: 0x000002ac8c440000

Marking Bits: (ParMarkBitMap*) 0x00007ffbda083450
 Begin Bits: [0x000002ac9f350000, 0x000002aca1350000)
 End Bits:   [0x000002aca1350000, 0x000002aca3350000)

Polling page: 0x000002ac8ad00000

Metaspace:

Usage:
  Non-class:     68.05 MB used.
      Class:      8.74 MB used.
       Both:     76.78 MB used.

Virtual space:
  Non-class space:      128.00 MB reserved,      68.94 MB ( 54%) committed,  2 nodes.
      Class space:        1.00 GB reserved,       9.38 MB ( <1%) committed,  1 nodes.
             Both:        1.12 GB reserved,      78.31 MB (  7%) committed. 

Chunk freelists:
   Non-Class:  10.82 MB
       Class:  6.64 MB
        Both:  17.47 MB

MaxMetaspaceSize: unlimited
CompressedClassSpaceSize: 1.00 GB
Initial GC threshold: 21.00 MB
Current GC threshold: 97.31 MB
CDS: on
 - commit_granule_bytes: 65536.
 - commit_granule_words: 8192.
 - virtual_space_node_default_size: 8388608.
 - enlarge_chunks_in_place: 1.
 - use_allocation_guard: 0.


Internal statistics:

num_allocs_failed_limit: 9.
num_arena_births: 1530.
num_arena_deaths: 40.
num_vsnodes_births: 3.
num_vsnodes_deaths: 0.
num_space_committed: 1253.
num_space_uncommitted: 0.
num_chunks_returned_to_freelist: 60.
num_chunks_taken_from_freelist: 5010.
num_chunk_merges: 12.
num_chunk_splits: 3109.
num_chunks_enlarged: 1847.
num_inconsistent_stats: 0.

CodeHeap 'non-profiled nmethods': size=120000Kb used=12099Kb max_used=12099Kb free=107900Kb
 bounds [0x000002ac97b70000, 0x000002ac98750000, 0x000002ac9f0a0000]
CodeHeap 'profiled nmethods': size=120000Kb used=29710Kb max_used=29710Kb free=90289Kb
 bounds [0x000002ac900a0000, 0x000002ac91db0000, 0x000002ac975d0000]
CodeHeap 'non-nmethods': size=5760Kb used=1496Kb max_used=1563Kb free=4263Kb
 bounds [0x000002ac975d0000, 0x000002ac97840000, 0x000002ac97b70000]
CodeCache: size=245760Kb, used=43305Kb, max_used=43372Kb, free=202452Kb
 total_blobs=14200, nmethods=13392, adapters=712, full_count=0
Compilation: enabled, stopped_count=0, restarted_count=0

Compilation events (20 events):
Event: 26029.972 Thread 0x000002ac8cf5bfe0 14217       3       sun.nio.fs.WindowsFileAttributes::isOther (26 bytes)
Event: 26029.972 Thread 0x000002ac8cf5bfe0 nmethod 14217 0x000002ac91da0e10 code [0x000002ac91da0fc0, 0x000002ac91da1248]
Event: 26029.972 Thread 0x000002ac8cf5bfe0 14218       3       java.util.concurrent.ForkJoinPool$WorkQueue::getAndSetAccess (12 bytes)
Event: 26029.973 Thread 0x000002ac8cf5bfe0 nmethod 14218 0x000002ac91da1310 code [0x000002ac91da14a0, 0x000002ac91da15b8]
Event: 26029.973 Thread 0x000002ac8cf55060 14219       4       jdk.internal.misc.Unsafe::weakCompareAndSetReference (11 bytes)
Event: 26029.975 Thread 0x000002ac8cf55060 nmethod 14219 0x000002ac9873f790 code [0x000002ac9873f920, 0x000002ac9873f9d8]
Event: 26029.976 Thread 0x000002ac8cf5bfe0 14220       3       java.io.ObjectOutputStream$BlockDataOutputStream::writeShort (47 bytes)
Event: 26029.985 Thread 0x000002ac8cf5bfe0 nmethod 14220 0x000002ac91da1690 code [0x000002ac91da1920, 0x000002ac91da2630]
Event: 26029.985 Thread 0x000002ac8cf5bfe0 14221       3       jdk.internal.util.ByteArray::setShort (10 bytes)
Event: 26029.985 Thread 0x000002ac8cf5bfe0 nmethod 14221 0x000002ac91da2b10 code [0x000002ac91da2d00, 0x000002ac91da3248]
Event: 26029.986 Thread 0x000002ac8cf5bfe0 14222       1       org.eclipse.core.internal.resources.LocalMetaArea::getWorkspace (5 bytes)
Event: 26029.986 Thread 0x000002ac8cf5bfe0 nmethod 14222 0x000002ac9873fa90 code [0x000002ac9873fc20, 0x000002ac9873fce8]
Event: 26029.988 Thread 0x000002ac8cf55060 14223       4       org.eclipse.core.internal.dtree.DataTreeNode::copy (69 bytes)
Event: 26030.001 Thread 0x000002ac8cf55060 nmethod 14223 0x000002ac9873fd90 code [0x000002ac9873ff40, 0x000002ac987402c0]
Event: 26030.001 Thread 0x000002ac8cf55060 14224       4       jdk.internal.util.ByteArray::setLong (10 bytes)
Event: 26030.006 Thread 0x000002ac8cf55060 nmethod 14224 0x000002ac98740490 code [0x000002ac98740620, 0x000002ac98740700]
Event: 26030.006 Thread 0x000002ac8cf55060 14225       4       java.io.DataOutputStream::writeLong (30 bytes)
Event: 26030.046 Thread 0x000002ac8cf55060 nmethod 14225 0x000002ac98740890 code [0x000002ac98740a20, 0x000002ac98740b70]
Event: 26044.794 Thread 0x000002ac8cf5bfe0 14226       3       com.google.gson.stream.JsonReader::beginArray (52 bytes)
Event: 26044.797 Thread 0x000002ac8cf5bfe0 nmethod 14226 0x000002ac91da3490 code [0x000002ac91da3660, 0x000002ac91da3970]

GC Heap History (20 events):
Event: 25730.665 GC heap before
{Heap before GC invocations=1389 (full 3):
 PSYoungGen      total 2560K, used 2240K [0x00000000d5580000, 0x00000000d5900000, 0x0000000100000000)
  eden space 2048K, 100% used [0x00000000d5580000,0x00000000d5780000,0x00000000d5780000)
  from space 512K, 37% used [0x00000000d5800000,0x00000000d5830000,0x00000000d5880000)
  to   space 512K, 0% used [0x00000000d5880000,0x00000000d5880000,0x00000000d5900000)
 ParOldGen       total 854016K, used 853672K [0x0000000080000000, 0x00000000b4200000, 0x00000000d5580000)
  object space 854016K, 99% used [0x0000000080000000,0x00000000b41aa150,0x00000000b4200000)
 Metaspace       used 78609K, committed 80192K, reserved 1179648K
  class space    used 8946K, committed 9600K, reserved 1048576K
}
Event: 25730.666 GC heap after
{Heap after GC invocations=1389 (full 3):
 PSYoungGen      total 2560K, used 256K [0x00000000d5580000, 0x00000000d5900000, 0x0000000100000000)
  eden space 2048K, 0% used [0x00000000d5580000,0x00000000d5580000,0x00000000d5780000)
  from space 512K, 50% used [0x00000000d5880000,0x00000000d58c0000,0x00000000d5900000)
  to   space 512K, 0% used [0x00000000d5800000,0x00000000d5800000,0x00000000d5880000)
 ParOldGen       total 854016K, used 853688K [0x0000000080000000, 0x00000000b4200000, 0x00000000d5580000)
  object space 854016K, 99% used [0x0000000080000000,0x00000000b41ae150,0x00000000b4200000)
 Metaspace       used 78609K, committed 80192K, reserved 1179648K
  class space    used 8946K, committed 9600K, reserved 1048576K
}
Event: 25730.717 GC heap before
{Heap before GC invocations=1390 (full 3):
 PSYoungGen      total 2560K, used 2304K [0x00000000d5580000, 0x00000000d5900000, 0x0000000100000000)
  eden space 2048K, 100% used [0x00000000d5580000,0x00000000d5780000,0x00000000d5780000)
  from space 512K, 50% used [0x00000000d5880000,0x00000000d58c0000,0x00000000d5900000)
  to   space 512K, 0% used [0x00000000d5800000,0x00000000d5800000,0x00000000d5880000)
 ParOldGen       total 854016K, used 853688K [0x0000000080000000, 0x00000000b4200000, 0x00000000d5580000)
  object space 854016K, 99% used [0x0000000080000000,0x00000000b41ae150,0x00000000b4200000)
 Metaspace       used 78609K, committed 80192K, reserved 1179648K
  class space    used 8946K, committed 9600K, reserved 1048576K
}
Event: 25730.719 GC heap after
{Heap after GC invocations=1390 (full 3):
 PSYoungGen      total 2560K, used 160K [0x00000000d5580000, 0x00000000d5900000, 0x0000000100000000)
  eden space 2048K, 0% used [0x00000000d5580000,0x00000000d5580000,0x00000000d5780000)
  from space 512K, 31% used [0x00000000d5800000,0x00000000d5828000,0x00000000d5880000)
  to   space 512K, 0% used [0x00000000d5880000,0x00000000d5880000,0x00000000d5900000)
 ParOldGen       total 854016K, used 853704K [0x0000000080000000, 0x00000000b4200000, 0x00000000d5580000)
  object space 854016K, 99% used [0x0000000080000000,0x00000000b41b2150,0x00000000b4200000)
 Metaspace       used 78609K, committed 80192K, reserved 1179648K
  class space    used 8946K, committed 9600K, reserved 1048576K
}
Event: 25730.764 GC heap before
{Heap before GC invocations=1391 (full 3):
 PSYoungGen      total 2560K, used 2208K [0x00000000d5580000, 0x00000000d5900000, 0x0000000100000000)
  eden space 2048K, 100% used [0x00000000d5580000,0x00000000d5780000,0x00000000d5780000)
  from space 512K, 31% used [0x00000000d5800000,0x00000000d5828000,0x00000000d5880000)
  to   space 512K, 0% used [0x00000000d5880000,0x00000000d5880000,0x00000000d5900000)
 ParOldGen       total 854016K, used 853704K [0x0000000080000000, 0x00000000b4200000, 0x00000000d5580000)
  object space 854016K, 99% used [0x0000000080000000,0x00000000b41b2150,0x00000000b4200000)
 Metaspace       used 78609K, committed 80192K, reserved 1179648K
  class space    used 8946K, committed 9600K, reserved 1048576K
}
Event: 25730.766 GC heap after
{Heap after GC invocations=1391 (full 3):
 PSYoungGen      total 2560K, used 224K [0x00000000d5580000, 0x00000000d5900000, 0x0000000100000000)
  eden space 2048K, 0% used [0x00000000d5580000,0x00000000d5580000,0x00000000d5780000)
  from space 512K, 43% used [0x00000000d5880000,0x00000000d58b8000,0x00000000d5900000)
  to   space 512K, 0% used [0x00000000d5800000,0x00000000d5800000,0x00000000d5880000)
 ParOldGen       total 854016K, used 853744K [0x0000000080000000, 0x00000000b4200000, 0x00000000d5580000)
  object space 854016K, 99% used [0x0000000080000000,0x00000000b41bc150,0x00000000b4200000)
 Metaspace       used 78609K, committed 80192K, reserved 1179648K
  class space    used 8946K, committed 9600K, reserved 1048576K
}
Event: 25730.821 GC heap before
{Heap before GC invocations=1392 (full 3):
 PSYoungGen      total 2560K, used 2272K [0x00000000d5580000, 0x00000000d5900000, 0x0000000100000000)
  eden space 2048K, 100% used [0x00000000d5580000,0x00000000d5780000,0x00000000d5780000)
  from space 512K, 43% used [0x00000000d5880000,0x00000000d58b8000,0x00000000d5900000)
  to   space 512K, 0% used [0x00000000d5800000,0x00000000d5800000,0x00000000d5880000)
 ParOldGen       total 854016K, used 853744K [0x0000000080000000, 0x00000000b4200000, 0x00000000d5580000)
  object space 854016K, 99% used [0x0000000080000000,0x00000000b41bc150,0x00000000b4200000)
 Metaspace       used 78609K, committed 80192K, reserved 1179648K
  class space    used 8946K, committed 9600K, reserved 1048576K
}
Event: 25730.823 GC heap after
{Heap after GC invocations=1392 (full 3):
 PSYoungGen      total 2560K, used 160K [0x00000000d5580000, 0x00000000d5900000, 0x0000000100000000)
  eden space 2048K, 0% used [0x00000000d5580000,0x00000000d5580000,0x00000000d5780000)
  from space 512K, 31% used [0x00000000d5800000,0x00000000d5828000,0x00000000d5880000)
  to   space 512K, 0% used [0x00000000d5880000,0x00000000d5880000,0x00000000d5900000)
 ParOldGen       total 854016K, used 853776K [0x0000000080000000, 0x00000000b4200000, 0x00000000d5580000)
  object space 854016K, 99% used [0x0000000080000000,0x00000000b41c4150,0x00000000b4200000)
 Metaspace       used 78609K, committed 80192K, reserved 1179648K
  class space    used 8946K, committed 9600K, reserved 1048576K
}
Event: 25730.871 GC heap before
{Heap before GC invocations=1393 (full 3):
 PSYoungGen      total 2560K, used 2208K [0x00000000d5580000, 0x00000000d5900000, 0x0000000100000000)
  eden space 2048K, 100% used [0x00000000d5580000,0x00000000d5780000,0x00000000d5780000)
  from space 512K, 31% used [0x00000000d5800000,0x00000000d5828000,0x00000000d5880000)
  to   space 512K, 0% used [0x00000000d5880000,0x00000000d5880000,0x00000000d5900000)
 ParOldGen       total 854016K, used 853776K [0x0000000080000000, 0x00000000b4200000, 0x00000000d5580000)
  object space 854016K, 99% used [0x0000000080000000,0x00000000b41c4150,0x00000000b4200000)
 Metaspace       used 78609K, committed 80192K, reserved 1179648K
  class space    used 8946K, committed 9600K, reserved 1048576K
}
Event: 25730.873 GC heap after
{Heap after GC invocations=1393 (full 3):
 PSYoungGen      total 2560K, used 256K [0x00000000d5580000, 0x00000000d5900000, 0x0000000100000000)
  eden space 2048K, 0% used [0x00000000d5580000,0x00000000d5580000,0x00000000d5780000)
  from space 512K, 50% used [0x00000000d5880000,0x00000000d58c0000,0x00000000d5900000)
  to   space 512K, 0% used [0x00000000d5800000,0x00000000d5800000,0x00000000d5880000)
 ParOldGen       total 854016K, used 853784K [0x0000000080000000, 0x00000000b4200000, 0x00000000d5580000)
  object space 854016K, 99% used [0x0000000080000000,0x00000000b41c6150,0x00000000b4200000)
 Metaspace       used 78609K, committed 80192K, reserved 1179648K
  class space    used 8946K, committed 9600K, reserved 1048576K
}
Event: 25730.910 GC heap before
{Heap before GC invocations=1394 (full 3):
 PSYoungGen      total 2560K, used 2304K [0x00000000d5580000, 0x00000000d5900000, 0x0000000100000000)
  eden space 2048K, 100% used [0x00000000d5580000,0x00000000d5780000,0x00000000d5780000)
  from space 512K, 50% used [0x00000000d5880000,0x00000000d58c0000,0x00000000d5900000)
  to   space 512K, 0% used [0x00000000d5800000,0x00000000d5800000,0x00000000d5880000)
 ParOldGen       total 854016K, used 853784K [0x0000000080000000, 0x00000000b4200000, 0x00000000d5580000)
  object space 854016K, 99% used [0x0000000080000000,0x00000000b41c6150,0x00000000b4200000)
 Metaspace       used 78609K, committed 80192K, reserved 1179648K
  class space    used 8946K, committed 9600K, reserved 1048576K
}
Event: 25730.912 GC heap after
{Heap after GC invocations=1394 (full 3):
 PSYoungGen      total 2560K, used 224K [0x00000000d5580000, 0x00000000d5900000, 0x0000000100000000)
  eden space 2048K, 0% used [0x00000000d5580000,0x00000000d5580000,0x00000000d5780000)
  from space 512K, 43% used [0x00000000d5800000,0x00000000d5838000,0x00000000d5880000)
  to   space 512K, 0% used [0x00000000d5880000,0x00000000d5880000,0x00000000d5900000)
 ParOldGen       total 854016K, used 853800K [0x0000000080000000, 0x00000000b4200000, 0x00000000d5580000)
  object space 854016K, 99% used [0x0000000080000000,0x00000000b41ca150,0x00000000b4200000)
 Metaspace       used 78609K, committed 80192K, reserved 1179648K
  class space    used 8946K, committed 9600K, reserved 1048576K
}
Event: 25730.941 GC heap before
{Heap before GC invocations=1395 (full 3):
 PSYoungGen      total 2560K, used 2272K [0x00000000d5580000, 0x00000000d5900000, 0x0000000100000000)
  eden space 2048K, 100% used [0x00000000d5580000,0x00000000d5780000,0x00000000d5780000)
  from space 512K, 43% used [0x00000000d5800000,0x00000000d5838000,0x00000000d5880000)
  to   space 512K, 0% used [0x00000000d5880000,0x00000000d5880000,0x00000000d5900000)
 ParOldGen       total 854016K, used 853800K [0x0000000080000000, 0x00000000b4200000, 0x00000000d5580000)
  object space 854016K, 99% used [0x0000000080000000,0x00000000b41ca150,0x00000000b4200000)
 Metaspace       used 78609K, committed 80192K, reserved 1179648K
  class space    used 8946K, committed 9600K, reserved 1048576K
}
Event: 25730.942 GC heap after
{Heap after GC invocations=1395 (full 3):
 PSYoungGen      total 2560K, used 256K [0x00000000d5580000, 0x00000000d5900000, 0x0000000100000000)
  eden space 2048K, 0% used [0x00000000d5580000,0x00000000d5580000,0x00000000d5780000)
  from space 512K, 50% used [0x00000000d5880000,0x00000000d58c0000,0x00000000d5900000)
  to   space 512K, 0% used [0x00000000d5800000,0x00000000d5800000,0x00000000d5880000)
 ParOldGen       total 854016K, used 853832K [0x0000000080000000, 0x00000000b4200000, 0x00000000d5580000)
  object space 854016K, 99% used [0x0000000080000000,0x00000000b41d2150,0x00000000b4200000)
 Metaspace       used 78609K, committed 80192K, reserved 1179648K
  class space    used 8946K, committed 9600K, reserved 1048576K
}
Event: 25730.975 GC heap before
{Heap before GC invocations=1396 (full 3):
 PSYoungGen      total 2560K, used 2304K [0x00000000d5580000, 0x00000000d5900000, 0x0000000100000000)
  eden space 2048K, 100% used [0x00000000d5580000,0x00000000d5780000,0x00000000d5780000)
  from space 512K, 50% used [0x00000000d5880000,0x00000000d58c0000,0x00000000d5900000)
  to   space 512K, 0% used [0x00000000d5800000,0x00000000d5800000,0x00000000d5880000)
 ParOldGen       total 854016K, used 853832K [0x0000000080000000, 0x00000000b4200000, 0x00000000d5580000)
  object space 854016K, 99% used [0x0000000080000000,0x00000000b41d2150,0x00000000b4200000)
 Metaspace       used 78616K, committed 80192K, reserved 1179648K
  class space    used 8946K, committed 9600K, reserved 1048576K
}
Event: 25730.979 GC heap after
{Heap after GC invocations=1396 (full 3):
 PSYoungGen      total 2560K, used 256K [0x00000000d5580000, 0x00000000d5900000, 0x0000000100000000)
  eden space 2048K, 0% used [0x00000000d5580000,0x00000000d5580000,0x00000000d5780000)
  from space 512K, 50% used [0x00000000d5800000,0x00000000d5840000,0x00000000d5880000)
  to   space 512K, 0% used [0x00000000d5880000,0x00000000d5880000,0x00000000d5900000)
 ParOldGen       total 854016K, used 853864K [0x0000000080000000, 0x00000000b4200000, 0x00000000d5580000)
  object space 854016K, 99% used [0x0000000080000000,0x00000000b41da150,0x00000000b4200000)
 Metaspace       used 78616K, committed 80192K, reserved 1179648K
  class space    used 8946K, committed 9600K, reserved 1048576K
}
Event: 26030.007 GC heap before
{Heap before GC invocations=1397 (full 3):
 PSYoungGen      total 2560K, used 2297K [0x00000000d5580000, 0x00000000d5900000, 0x0000000100000000)
  eden space 2048K, 99% used [0x00000000d5580000,0x00000000d577e498,0x00000000d5780000)
  from space 512K, 50% used [0x00000000d5800000,0x00000000d5840000,0x00000000d5880000)
  to   space 512K, 0% used [0x00000000d5880000,0x00000000d5880000,0x00000000d5900000)
 ParOldGen       total 854016K, used 853864K [0x0000000080000000, 0x00000000b4200000, 0x00000000d5580000)
  object space 854016K, 99% used [0x0000000080000000,0x00000000b41da150,0x00000000b4200000)
 Metaspace       used 78625K, committed 80192K, reserved 1179648K
  class space    used 8946K, committed 9600K, reserved 1048576K
}
Event: 26030.043 GC heap after
{Heap after GC invocations=1397 (full 3):
 PSYoungGen      total 2560K, used 256K [0x00000000d5580000, 0x00000000d5900000, 0x0000000100000000)
  eden space 2048K, 0% used [0x00000000d5580000,0x00000000d5580000,0x00000000d5780000)
  from space 512K, 50% used [0x00000000d5880000,0x00000000d58c0000,0x00000000d5900000)
  to   space 512K, 0% used [0x00000000d5800000,0x00000000d5800000,0x00000000d5880000)
 ParOldGen       total 854016K, used 853880K [0x0000000080000000, 0x00000000b4200000, 0x00000000d5580000)
  object space 854016K, 99% used [0x0000000080000000,0x00000000b41de150,0x00000000b4200000)
 Metaspace       used 78625K, committed 80192K, reserved 1179648K
  class space    used 8946K, committed 9600K, reserved 1048576K
}
Event: 26044.797 GC heap before
{Heap before GC invocations=1398 (full 3):
 PSYoungGen      total 2560K, used 2304K [0x00000000d5580000, 0x00000000d5900000, 0x0000000100000000)
  eden space 2048K, 100% used [0x00000000d5580000,0x00000000d5780000,0x00000000d5780000)
  from space 512K, 50% used [0x00000000d5880000,0x00000000d58c0000,0x00000000d5900000)
  to   space 512K, 0% used [0x00000000d5800000,0x00000000d5800000,0x00000000d5880000)
 ParOldGen       total 854016K, used 853880K [0x0000000080000000, 0x00000000b4200000, 0x00000000d5580000)
  object space 854016K, 99% used [0x0000000080000000,0x00000000b41de150,0x00000000b4200000)
 Metaspace       used 78625K, committed 80192K, reserved 1179648K
  class space    used 8946K, committed 9600K, reserved 1048576K
}
Event: 26044.800 GC heap after
{Heap after GC invocations=1398 (full 3):
 PSYoungGen      total 2560K, used 192K [0x00000000d5580000, 0x00000000d5900000, 0x0000000100000000)
  eden space 2048K, 0% used [0x00000000d5580000,0x00000000d5580000,0x00000000d5780000)
  from space 512K, 37% used [0x00000000d5800000,0x00000000d5830000,0x00000000d5880000)
  to   space 512K, 0% used [0x00000000d5880000,0x00000000d5880000,0x00000000d5900000)
 ParOldGen       total 854016K, used 853928K [0x0000000080000000, 0x00000000b4200000, 0x00000000d5580000)
  object space 854016K, 99% used [0x0000000080000000,0x00000000b41ea150,0x00000000b4200000)
 Metaspace       used 78625K, committed 80192K, reserved 1179648K
  class space    used 8946K, committed 9600K, reserved 1048576K
}

Dll operation events (15 events):
Event: 0.021 Loaded shared library c:\Users\Victus\.antigravity\extensions\redhat.java-1.53.0-win32-x64\jre\21.0.10-win32-x86_64\bin\java.dll
Event: 0.162 Loaded shared library c:\Users\Victus\.antigravity\extensions\redhat.java-1.53.0-win32-x64\jre\21.0.10-win32-x86_64\bin\zip.dll
Event: 0.212 Loaded shared library C:\Users\Victus\.antigravity\extensions\redhat.java-1.53.0-win32-x64\jre\21.0.10-win32-x86_64\bin\instrument.dll
Event: 0.221 Loaded shared library C:\Users\Victus\.antigravity\extensions\redhat.java-1.53.0-win32-x64\jre\21.0.10-win32-x86_64\bin\net.dll
Event: 0.226 Loaded shared library C:\Users\Victus\.antigravity\extensions\redhat.java-1.53.0-win32-x64\jre\21.0.10-win32-x86_64\bin\nio.dll
Event: 0.231 Loaded shared library C:\Users\Victus\.antigravity\extensions\redhat.java-1.53.0-win32-x64\jre\21.0.10-win32-x86_64\bin\zip.dll
Event: 0.267 Loaded shared library C:\Users\Victus\.antigravity\extensions\redhat.java-1.53.0-win32-x64\jre\21.0.10-win32-x86_64\bin\jimage.dll
Event: 0.411 Loaded shared library c:\Users\Victus\.antigravity\extensions\redhat.java-1.53.0-win32-x64\jre\21.0.10-win32-x86_64\bin\verify.dll
Event: 16.221 Loaded shared library C:\Users\Victus\AppData\Roaming\Antigravity\User\globalStorage\redhat.java\1.53.0\config_win\org.eclipse.equinox.launcher\org.eclipse.equinox.launcher.win32.win32.x86_64_1.3.0.v20260203-2149\eclipse_11919.dll
Event: 35.061 Loaded shared library C:\Users\Victus\AppData\Local\Temp\jna--1422344170\jna166933077517997625.dll
Event: 38.635 Loaded shared library C:\Users\Victus\.antigravity\extensions\redhat.java-1.53.0-win32-x64\jre\21.0.10-win32-x86_64\bin\sunmscapi.dll
Event: 38.867 Loaded shared library C:\Users\Victus\.antigravity\extensions\redhat.java-1.53.0-win32-x64\jre\21.0.10-win32-x86_64\bin\extnet.dll
Event: 47.359 Loaded shared library C:\Users\Victus\.gradle\native\1def1411415f61bf3af743bc5b6707747c0891f09f0c88961ee8f79bc544acac\windows-amd64\native-platform.dll
Event: 50.343 Loaded shared library C:\Users\Victus\.antigravity\extensions\redhat.java-1.53.0-win32-x64\jre\21.0.10-win32-x86_64\bin\management.dll
Event: 50.349 Loaded shared library C:\Users\Victus\.antigravity\extensions\redhat.java-1.53.0-win32-x64\jre\21.0.10-win32-x86_64\bin\management_ext.dll

Deoptimization events (20 events):
Event: 25730.502 Thread 0x000002acee2df520 Uncommon trap: trap_request=0xffffffd6 fr.pc=0x000002ac98728bb8 relative=0x0000000000003018
Event: 25730.502 Thread 0x000002acee2df520 Uncommon trap: reason=array_check action=maybe_recompile pc=0x000002ac98728bb8 method=org.eclipse.core.internal.localstore.FileSystemResourceManager.allResourcesFor(Ljava/net/URI;ZI)[Lorg/eclipse/core/resources/IResource; @ 188 c2
Event: 25730.502 Thread 0x000002acee2df520 DEOPT PACKING pc=0x000002ac98728bb8 sp=0x000000de4c7fef10
Event: 25730.502 Thread 0x000002acee2df520 DEOPT UNPACKING pc=0x000002ac97623aa2 sp=0x000000de4c7feee0 mode 2
Event: 25730.905 Thread 0x000002acee2df520 Uncommon trap: trap_request=0xffffffd6 fr.pc=0x000002ac9873e438 relative=0x00000000000005b8
Event: 25730.905 Thread 0x000002acee2df520 Uncommon trap: reason=array_check action=maybe_recompile pc=0x000002ac9873e438 method=java.util.ComparableTimSort.reverseRange([Ljava/lang/Object;II)V @ 20 c2
Event: 25730.905 Thread 0x000002acee2df520 DEOPT PACKING pc=0x000002ac9873e438 sp=0x000000de4c7feb60
Event: 25730.905 Thread 0x000002acee2df520 DEOPT UNPACKING pc=0x000002ac97623aa2 sp=0x000000de4c7fea78 mode 2
Event: 25730.909 Thread 0x000002acee2df520 Uncommon trap: trap_request=0xffffffd6 fr.pc=0x000002ac9873e438 relative=0x00000000000005b8
Event: 25730.909 Thread 0x000002acee2df520 Uncommon trap: reason=array_check action=maybe_recompile pc=0x000002ac9873e438 method=java.util.ComparableTimSort.reverseRange([Ljava/lang/Object;II)V @ 20 c2
Event: 25730.909 Thread 0x000002acee2df520 DEOPT PACKING pc=0x000002ac9873e438 sp=0x000000de4c7feb20
Event: 25730.909 Thread 0x000002acee2df520 DEOPT UNPACKING pc=0x000002ac97623aa2 sp=0x000000de4c7fea38 mode 2
Event: 25730.916 Thread 0x000002acee2df520 Uncommon trap: trap_request=0xffffffd6 fr.pc=0x000002ac9873e438 relative=0x00000000000005b8
Event: 25730.916 Thread 0x000002acee2df520 Uncommon trap: reason=array_check action=maybe_recompile pc=0x000002ac9873e438 method=java.util.ComparableTimSort.reverseRange([Ljava/lang/Object;II)V @ 20 c2
Event: 25730.916 Thread 0x000002acee2df520 DEOPT PACKING pc=0x000002ac9873e438 sp=0x000000de4c7feb60
Event: 25730.916 Thread 0x000002acee2df520 DEOPT UNPACKING pc=0x000002ac97623aa2 sp=0x000000de4c7fea78 mode 2
Event: 25730.919 Thread 0x000002acee2df520 Uncommon trap: trap_request=0xffffffd6 fr.pc=0x000002ac9873e438 relative=0x00000000000005b8
Event: 25730.919 Thread 0x000002acee2df520 Uncommon trap: reason=array_check action=maybe_recompile pc=0x000002ac9873e438 method=java.util.ComparableTimSort.reverseRange([Ljava/lang/Object;II)V @ 20 c2
Event: 25730.919 Thread 0x000002acee2df520 DEOPT PACKING pc=0x000002ac9873e438 sp=0x000000de4c7feb20
Event: 25730.919 Thread 0x000002acee2df520 DEOPT UNPACKING pc=0x000002ac97623aa2 sp=0x000000de4c7fea38 mode 2

Classes loaded (20 events):
Event: 406.129 Loading class java/util/stream/Nodes$CollectorTask$OfRef
Event: 406.130 Loading class java/util/stream/Nodes$CollectorTask
Event: 406.130 Loading class java/util/stream/Nodes$CollectorTask done
Event: 406.130 Loading class java/util/stream/Nodes$CollectorTask$OfRef done
Event: 406.131 Loading class java/util/function/LongFunction
Event: 406.131 Loading class java/util/function/LongFunction done
Event: 406.131 Loading class java/util/stream/Nodes$ConcNode
Event: 406.131 Loading class java/util/stream/Nodes$AbstractConcNode
Event: 406.132 Loading class java/util/stream/Nodes$AbstractConcNode done
Event: 406.132 Loading class java/util/stream/Nodes$ConcNode done
Event: 406.161 Loading class java/util/stream/Nodes$ToArrayTask$OfRef
Event: 406.161 Loading class java/util/stream/Nodes$ToArrayTask
Event: 406.161 Loading class java/util/stream/Nodes$ToArrayTask done
Event: 406.161 Loading class java/util/stream/Nodes$ToArrayTask$OfRef done
Event: 406.165 Loading class java/io/ObjectOutputStream$BlockDataOutputStream
Event: 406.165 Loading class java/io/ObjectOutputStream$BlockDataOutputStream done
Event: 406.166 Loading class java/io/ObjectOutputStream$HandleTable
Event: 406.167 Loading class java/io/ObjectOutputStream$HandleTable done
Event: 406.167 Loading class java/io/ObjectOutputStream$ReplaceTable
Event: 406.167 Loading class java/io/ObjectOutputStream$ReplaceTable done

Classes unloaded (20 events):
Event: 36.434 Thread 0x000002ac8cf40770 Unloading class 0x000002aca51a3800 'java/lang/invoke/LambdaForm$MH+0x000002aca51a3800'
Event: 36.434 Thread 0x000002ac8cf40770 Unloading class 0x000002aca51a3400 'java/lang/invoke/LambdaForm$MH+0x000002aca51a3400'
Event: 36.434 Thread 0x000002ac8cf40770 Unloading class 0x000002aca51a3000 'java/lang/invoke/LambdaForm$MH+0x000002aca51a3000'
Event: 36.434 Thread 0x000002ac8cf40770 Unloading class 0x000002aca51a2c00 'java/lang/invoke/LambdaForm$MH+0x000002aca51a2c00'
Event: 36.434 Thread 0x000002ac8cf40770 Unloading class 0x000002aca51a2800 'java/lang/invoke/LambdaForm$BMH+0x000002aca51a2800'
Event: 36.434 Thread 0x000002ac8cf40770 Unloading class 0x000002aca51a2400 'java/lang/invoke/LambdaForm$DMH+0x000002aca51a2400'
Event: 36.434 Thread 0x000002ac8cf40770 Unloading class 0x000002aca51a1000 'java/lang/invoke/LambdaForm$DMH+0x000002aca51a1000'
Event: 38.275 Thread 0x000002ac8cf40770 Unloading class 0x000002aca5316400 'java/lang/invoke/LambdaForm$MH+0x000002aca5316400'
Event: 38.275 Thread 0x000002ac8cf40770 Unloading class 0x000002aca5315800 'java/lang/invoke/LambdaForm$MH+0x000002aca5315800'
Event: 38.275 Thread 0x000002ac8cf40770 Unloading class 0x000002aca5315000 'java/lang/invoke/LambdaForm$MH+0x000002aca5315000'
Event: 38.275 Thread 0x000002ac8cf40770 Unloading class 0x000002aca5314800 'java/lang/invoke/LambdaForm$DMH+0x000002aca5314800'
Event: 38.275 Thread 0x000002ac8cf40770 Unloading class 0x000002aca5310800 'java/lang/invoke/LambdaForm$MH+0x000002aca5310800'
Event: 38.275 Thread 0x000002ac8cf40770 Unloading class 0x000002aca5310000 'java/lang/invoke/LambdaForm$MH+0x000002aca5310000'
Event: 38.275 Thread 0x000002ac8cf40770 Unloading class 0x000002aca530b800 'java/lang/invoke/LambdaForm$MH+0x000002aca530b800'
Event: 38.275 Thread 0x000002ac8cf40770 Unloading class 0x000002aca530b400 'java/lang/invoke/LambdaForm$MH+0x000002aca530b400'
Event: 38.275 Thread 0x000002ac8cf40770 Unloading class 0x000002aca530ac00 'java/lang/invoke/LambdaForm$MH+0x000002aca530ac00'
Event: 38.275 Thread 0x000002ac8cf40770 Unloading class 0x000002aca530a000 'java/lang/invoke/LambdaForm$MH+0x000002aca530a000'
Event: 38.275 Thread 0x000002ac8cf40770 Unloading class 0x000002aca5309800 'java/lang/invoke/LambdaForm$MH+0x000002aca5309800'
Event: 38.275 Thread 0x000002ac8cf40770 Unloading class 0x000002aca5309000 'java/lang/invoke/LambdaForm$MH+0x000002aca5309000'
Event: 38.275 Thread 0x000002ac8cf40770 Unloading class 0x000002aca5308c00 'java/lang/invoke/LambdaForm$DMH+0x000002aca5308c00'

Classes redefined (0 events):
No events

Internal exceptions (20 events):
Event: 26029.957 Thread 0x000002acf9e0aa50 Exception <a 'sun/nio/fs/WindowsException'{0x00000000d5718b38}> (0x00000000d5718b38) 
thrown [s\src\hotspot\share\prims\jni.cpp, line 520]
Event: 26029.959 Thread 0x000002acf9e0aa50 Exception <a 'sun/nio/fs/WindowsException'{0x00000000d5719968}> (0x00000000d5719968) 
thrown [s\src\hotspot\share\prims\jni.cpp, line 520]
Event: 26029.962 Thread 0x000002acf9e0aa50 Exception <a 'sun/nio/fs/WindowsException'{0x00000000d571bac8}> (0x00000000d571bac8) 
thrown [s\src\hotspot\share\prims\jni.cpp, line 520]
Event: 26029.962 Thread 0x000002acf9e0aa50 Exception <a 'sun/nio/fs/WindowsException'{0x00000000d571c6b8}> (0x00000000d571c6b8) 
thrown [s\src\hotspot\share\prims\jni.cpp, line 520]
Event: 26029.962 Thread 0x000002acf9e0aa50 Exception <a 'sun/nio/fs/WindowsException'{0x00000000d571e580}> (0x00000000d571e580) 
thrown [s\src\hotspot\share\prims\jni.cpp, line 520]
Event: 26029.963 Thread 0x000002acf9e0aa50 Exception <a 'sun/nio/fs/WindowsException'{0x00000000d571f158}> (0x00000000d571f158) 
thrown [s\src\hotspot\share\prims\jni.cpp, line 520]
Event: 26029.963 Thread 0x000002acf9e0aa50 Exception <a 'sun/nio/fs/WindowsException'{0x00000000d5721030}> (0x00000000d5721030) 
thrown [s\src\hotspot\share\prims\jni.cpp, line 520]
Event: 26029.963 Thread 0x000002acf9e0aa50 Exception <a 'sun/nio/fs/WindowsException'{0x00000000d5721c08}> (0x00000000d5721c08) 
thrown [s\src\hotspot\share\prims\jni.cpp, line 520]
Event: 26029.963 Thread 0x000002acf9e0aa50 Exception <a 'sun/nio/fs/WindowsException'{0x00000000d5723b08}> (0x00000000d5723b08) 
thrown [s\src\hotspot\share\prims\jni.cpp, line 520]
Event: 26029.964 Thread 0x000002acf9e0aa50 Exception <a 'sun/nio/fs/WindowsException'{0x00000000d57246e0}> (0x00000000d57246e0) 
thrown [s\src\hotspot\share\prims\jni.cpp, line 520]
Event: 26029.966 Thread 0x000002acf9e0aa50 Exception <a 'sun/nio/fs/WindowsException'{0x00000000d57267b0}> (0x00000000d57267b0) 
thrown [s\src\hotspot\share\prims\jni.cpp, line 520]
Event: 26029.966 Thread 0x000002acf9e0aa50 Exception <a 'sun/nio/fs/WindowsException'{0x00000000d57274b8}> (0x00000000d57274b8) 
thrown [s\src\hotspot\share\prims\jni.cpp, line 520]
Event: 26029.967 Thread 0x000002acf9e0aa50 Exception <a 'sun/nio/fs/WindowsException'{0x00000000d57299c0}> (0x00000000d57299c0) 
thrown [s\src\hotspot\share\prims\jni.cpp, line 520]
Event: 26029.967 Thread 0x000002acf9e0aa50 Exception <a 'sun/nio/fs/WindowsException'{0x00000000d572a9e8}> (0x00000000d572a9e8) 
thrown [s\src\hotspot\share\prims\jni.cpp, line 520]
Event: 26029.967 Thread 0x000002acf9e0aa50 Exception <a 'sun/nio/fs/WindowsException'{0x00000000d572c9d8}> (0x00000000d572c9d8) 
thrown [s\src\hotspot\share\prims\jni.cpp, line 520]
Event: 26029.967 Thread 0x000002acf9e0aa50 Exception <a 'sun/nio/fs/WindowsException'{0x00000000d572d5a8}> (0x00000000d572d5a8) 
thrown [s\src\hotspot\share\prims\jni.cpp, line 520]
Event: 26029.968 Thread 0x000002acf9e0aa50 Exception <a 'sun/nio/fs/WindowsException'{0x00000000d572f470}> (0x00000000d572f470) 
thrown [s\src\hotspot\share\prims\jni.cpp, line 520]
Event: 26029.968 Thread 0x000002acf9e0aa50 Exception <a 'sun/nio/fs/WindowsException'{0x00000000d5730048}> (0x00000000d5730048) 
thrown [s\src\hotspot\share\prims\jni.cpp, line 520]
Event: 26029.968 Thread 0x000002acf9e0aa50 Exception <a 'sun/nio/fs/WindowsException'{0x00000000d5731f20}> (0x00000000d5731f20) 
thrown [s\src\hotspot\share\prims\jni.cpp, line 520]
Event: 26029.968 Thread 0x000002acf9e0aa50 Exception <a 'sun/nio/fs/WindowsException'{0x00000000d5732af8}> (0x00000000d5732af8) 
thrown [s\src\hotspot\share\prims\jni.cpp, line 520]

ZGC Phase Switch (0 events):
No events

VM Operations (20 events):
Event: 25730.941 Executing safepoint VM operation: ParallelGCFailedAllocation (Allocation Failure)
Event: 25730.942 Executing safepoint VM operation: ParallelGCFailedAllocation (Allocation Failure) done
Event: 25730.975 Executing safepoint VM operation: ParallelGCFailedAllocation (Allocation Failure)
Event: 25730.979 Executing safepoint VM operation: ParallelGCFailedAllocation (Allocation Failure) done
Event: 25731.983 Executing safepoint VM operation: Cleanup
Event: 25731.983 Executing safepoint VM operation: Cleanup done
Event: 25738.735 Executing non-safepoint VM operation: HandshakeAllThreads (HandshakeForDeflation)
Event: 25738.736 Executing non-safepoint VM operation: HandshakeAllThreads (HandshakeForDeflation) done
Event: 25738.736 Executing non-safepoint VM operation: RendezvousGCThreads
Event: 25738.736 Executing non-safepoint VM operation: RendezvousGCThreads done
Event: 26030.007 Executing safepoint VM operation: ParallelGCFailedAllocation (Allocation Failure)
Event: 26030.043 Executing safepoint VM operation: ParallelGCFailedAllocation (Allocation Failure) done
Event: 26031.046 Executing safepoint VM operation: Cleanup
Event: 26031.046 Executing safepoint VM operation: Cleanup done
Event: 26039.564 Executing non-safepoint VM operation: HandshakeAllThreads (HandshakeForDeflation)
Event: 26039.564 Executing non-safepoint VM operation: HandshakeAllThreads (HandshakeForDeflation) done
Event: 26039.564 Executing non-safepoint VM operation: RendezvousGCThreads
Event: 26039.564 Executing non-safepoint VM operation: RendezvousGCThreads done
Event: 26044.797 Executing safepoint VM operation: ParallelGCFailedAllocation (Allocation Failure)
Event: 26044.800 Executing safepoint VM operation: ParallelGCFailedAllocation (Allocation Failure) done

Memory protections (0 events):
No events

Nmethod flushes (20 events):
Event: 49.851 Thread 0x000002ac8cf40770 flushing  nmethod 0x000002ac90964f10
Event: 49.851 Thread 0x000002ac8cf40770 flushing  nmethod 0x000002ac90965290
Event: 49.851 Thread 0x000002ac8cf40770 flushing  nmethod 0x000002ac9096be90
Event: 49.851 Thread 0x000002ac8cf40770 flushing  nmethod 0x000002ac9096e590
Event: 49.851 Thread 0x000002ac8cf40770 flushing  nmethod 0x000002ac90989290
Event: 49.851 Thread 0x000002ac8cf40770 flushing  nmethod 0x000002ac9098a610
Event: 49.851 Thread 0x000002ac8cf40770 flushing  nmethod 0x000002ac9098ac10
Event: 49.851 Thread 0x000002ac8cf40770 flushing  nmethod 0x000002ac9098bf90
Event: 49.851 Thread 0x000002ac8cf40770 flushing  nmethod 0x000002ac9098d790
Event: 49.851 Thread 0x000002ac8cf40770 flushing  nmethod 0x000002ac90998710
Event: 49.851 Thread 0x000002ac8cf40770 flushing  nmethod 0x000002ac9099cc10
Event: 49.851 Thread 0x000002ac8cf40770 flushing  nmethod 0x000002ac909cde10
Event: 49.851 Thread 0x000002ac8cf40770 flushing  nmethod 0x000002ac909d1810
Event: 49.851 Thread 0x000002ac8cf40770 flushing  nmethod 0x000002ac909e5110
Event: 49.851 Thread 0x000002ac8cf40770 flushing  nmethod 0x000002ac909fe310
Event: 49.851 Thread 0x000002ac8cf40770 flushing  nmethod 0x000002ac909ff090
Event: 49.851 Thread 0x000002ac8cf40770 flushing  nmethod 0x000002ac90a00210
Event: 49.851 Thread 0x000002ac8cf40770 flushing  nmethod 0x000002ac90a01410
Event: 49.851 Thread 0x000002ac8cf40770 flushing  nmethod 0x000002ac90a01810
Event: 49.851 Thread 0x000002ac8cf40770 flushing  nmethod 0x000002ac90a02d10

Events (20 events):
Event: 20661.021 Thread 0x000002acf9e0ebf0 Thread exited: 0x000002acf9e0ebf0
Event: 20661.021 Thread 0x000002acf9e0ded0 Thread exited: 0x000002acf9e0ded0
Event: 20661.021 Thread 0x000002acf9e0e560 Thread exited: 0x000002acf9e0e560
Event: 20721.168 Thread 0x000002acf9e09010 Thread exited: 0x000002acf9e09010
Event: 26029.937 Thread 0x000002acf9e0aa50 Thread added: 0x000002acf9e082f0
Event: 26029.941 Thread 0x000002acf9e082f0 Thread exited: 0x000002acf9e082f0
Event: 26029.970 Thread 0x000002acf9e0aa50 Thread added: 0x000002acf9e082f0
Event: 26029.971 Thread 0x000002acf9e082f0 Thread added: 0x000002acf9e0be00
Event: 26029.972 Thread 0x000002acf9e0be00 Thread added: 0x000002acf9e0c490
Event: 26029.972 Thread 0x000002acf9e0be00 Thread added: 0x000002acf9e09010
Event: 26029.972 Thread 0x000002acf9e0be00 Thread added: 0x000002acf9e0d1b0
Event: 26029.972 Thread 0x000002acf9e082f0 Thread added: 0x000002acf9e0f280
Event: 26029.973 Thread 0x000002acf9e09010 Thread added: 0x000002acf9e0d840
Event: 26029.973 Thread 0x000002acf9e0f280 Thread exited: 0x000002acf9e0f280
Event: 26029.973 Thread 0x000002acf9e0d840 Thread exited: 0x000002acf9e0d840
Event: 26029.973 Thread 0x000002acf9e082f0 Thread exited: 0x000002acf9e082f0
Event: 26029.973 Thread 0x000002acf9e0c490 Thread exited: 0x000002acf9e0c490
Event: 26029.973 Thread 0x000002acf9e09010 Thread exited: 0x000002acf9e09010
Event: 26029.973 Thread 0x000002acf9e0d1b0 Thread exited: 0x000002acf9e0d1b0
Event: 26029.973 Thread 0x000002acf9e0be00 Thread exited: 0x000002acf9e0be00


Dynamic libraries:
0x00007ff7bd5c0000 - 0x00007ff7bd5ce000 	c:\Users\Victus\.antigravity\extensions\redhat.java-1.53.0-win32-x64\jre\21.0.10-win32-x86_64\bin\java.exe
0x00007ffc4e4a0000 - 0x00007ffc4e707000 	C:\windows\SYSTEM32\ntdll.dll
0x00007ffc4cbc0000 - 0x00007ffc4cc89000 	C:\windows\System32\KERNEL32.DLL
0x00007ffc4bcd0000 - 0x00007ffc4c0c1000 	C:\windows\System32\KERNELBASE.dll
0x00007ffc4b870000 - 0x00007ffc4b9bb000 	C:\windows\System32\ucrtbase.dll
0x00007ffc35d00000 - 0x00007ffc35d18000 	c:\Users\Victus\.antigravity\extensions\redhat.java-1.53.0-win32-x64\jre\21.0.10-win32-x86_64\bin\jli.dll
0x00007ffc4c810000 - 0x00007ffc4c9d5000 	C:\windows\System32\USER32.dll
0x00007ffc4b9c0000 - 0x00007ffc4b9e7000 	C:\windows\System32\win32u.dll
0x00007ffc4da30000 - 0x00007ffc4da5b000 	C:\windows\System32\GDI32.dll
0x00007ffc4ae40000 - 0x00007ffc4af6b000 	C:\windows\System32\gdi32full.dll
0x00007ffc4b9f0000 - 0x00007ffc4ba93000 	C:\windows\System32\msvcp_win.dll
0x00007ffc33a90000 - 0x00007ffc33aae000 	c:\Users\Victus\.antigravity\extensions\redhat.java-1.53.0-win32-x64\jre\21.0.10-win32-x86_64\bin\VCRUNTIME140.dll
0x00007ffc2ede0000 - 0x00007ffc2f073000 	C:\windows\WinSxS\amd64_microsoft.windows.common-controls_6595b64144ccf1df_6.0.26100.8037_none_3e092faae333b53b\COMCTL32.dll
0x00007ffc4d170000 - 0x00007ffc4d219000 	C:\windows\System32\msvcrt.dll
0x00007ffc4d2d0000 - 0x00007ffc4d301000 	C:\windows\System32\IMM32.DLL
0x00007ffc35cf0000 - 0x00007ffc35cfc000 	c:\Users\Victus\.antigravity\extensions\redhat.java-1.53.0-win32-x64\jre\21.0.10-win32-x86_64\bin\vcruntime140_1.dll
0x00007ffc16640000 - 0x00007ffc166cd000 	c:\Users\Victus\.antigravity\extensions\redhat.java-1.53.0-win32-x64\jre\21.0.10-win32-x86_64\bin\msvcp140.dll
0x00007ffbd93c0000 - 0x00007ffbda161000 	c:\Users\Victus\.antigravity\extensions\redhat.java-1.53.0-win32-x64\jre\21.0.10-win32-x86_64\bin\server\jvm.dll
0x00007ffc4cc90000 - 0x00007ffc4cd4b000 	C:\windows\System32\ADVAPI32.dll
0x00007ffc4d220000 - 0x00007ffc4d2c7000 	C:\windows\System32\sechost.dll
0x00007ffc4c6f0000 - 0x00007ffc4c808000 	C:\windows\System32\RPCRT4.dll
0x00007ffc4dbf0000 - 0x00007ffc4dc64000 	C:\windows\System32\WS2_32.dll
0x00007ffc4abe0000 - 0x00007ffc4ac3e000 	C:\windows\SYSTEM32\POWRPROF.dll
0x00007ffc435c0000 - 0x00007ffc435f5000 	C:\windows\SYSTEM32\WINMM.dll
0x00007ffc43580000 - 0x00007ffc4358b000 	C:\windows\SYSTEM32\VERSION.dll
0x00007ffc4abc0000 - 0x00007ffc4abd4000 	C:\windows\SYSTEM32\UMPDC.dll
0x00007ffc49b10000 - 0x00007ffc49b2b000 	C:\windows\SYSTEM32\kernel.appcore.dll
0x00007ffc325c0000 - 0x00007ffc325ca000 	c:\Users\Victus\.antigravity\extensions\redhat.java-1.53.0-win32-x64\jre\21.0.10-win32-x86_64\bin\jimage.dll
0x00007ffc3e890000 - 0x00007ffc3ead2000 	C:\windows\SYSTEM32\DBGHELP.DLL
0x00007ffc4c350000 - 0x00007ffc4c6d2000 	C:\windows\System32\combase.dll
0x00007ffc4d090000 - 0x00007ffc4d167000 	C:\windows\System32\OLEAUT32.dll
0x00007ffc2d920000 - 0x00007ffc2d95b000 	C:\windows\SYSTEM32\dbgcore.DLL
0x00007ffc4baa0000 - 0x00007ffc4bb45000 	C:\windows\System32\bcryptPrimitives.dll
0x00007ffc32400000 - 0x00007ffc3240f000 	c:\Users\Victus\.antigravity\extensions\redhat.java-1.53.0-win32-x64\jre\21.0.10-win32-x86_64\bin\instrument.dll
0x00007ffc24c80000 - 0x00007ffc24ca0000 	c:\Users\Victus\.antigravity\extensions\redhat.java-1.53.0-win32-x64\jre\21.0.10-win32-x86_64\bin\java.dll
0x00007ffc4dc70000 - 0x00007ffc4e3cf000 	C:\windows\System32\SHELL32.dll
0x00007ffc4c0d0000 - 0x00007ffc4c23a000 	C:\windows\System32\wintypes.dll
0x00007ffc4af70000 - 0x00007ffc4b7d4000 	C:\windows\System32\windows.storage.dll
0x00007ffc4c9e0000 - 0x00007ffc4cad7000 	C:\windows\System32\SHCORE.dll
0x00007ffc4d9a0000 - 0x00007ffc4da07000 	C:\windows\System32\shlwapi.dll
0x00007ffc4aca0000 - 0x00007ffc4acc9000 	C:\windows\SYSTEM32\profapi.dll
0x00007ffc333e0000 - 0x00007ffc333f8000 	c:\Users\Victus\.antigravity\extensions\redhat.java-1.53.0-win32-x64\jre\21.0.10-win32-x86_64\bin\zip.dll
0x00007ffc325b0000 - 0x00007ffc325c0000 	C:\Users\Victus\.antigravity\extensions\redhat.java-1.53.0-win32-x64\jre\21.0.10-win32-x86_64\bin\net.dll
0x00007ffc43430000 - 0x00007ffc43557000 	C:\windows\SYSTEM32\WINHTTP.dll
0x00007ffc4a080000 - 0x00007ffc4a0eb000 	C:\windows\system32\mswsock.dll
0x00007ffc257a0000 - 0x00007ffc257b6000 	C:\Users\Victus\.antigravity\extensions\redhat.java-1.53.0-win32-x64\jre\21.0.10-win32-x86_64\bin\nio.dll
0x00007ffc31a10000 - 0x00007ffc31a20000 	c:\Users\Victus\.antigravity\extensions\redhat.java-1.53.0-win32-x64\jre\21.0.10-win32-x86_64\bin\verify.dll
0x00007ffc32510000 - 0x00007ffc32555000 	C:\Users\Victus\AppData\Roaming\Antigravity\User\globalStorage\redhat.java\1.53.0\config_win\org.eclipse.equinox.launcher\org.eclipse.equinox.launcher.win32.win32.x86_64_1.3.0.v20260203-2149\eclipse_11919.dll
0x00007ffc4d7a0000 - 0x00007ffc4d935000 	C:\windows\System32\ole32.dll
0x00007ffc4a370000 - 0x00007ffc4a38b000 	C:\windows\SYSTEM32\CRYPTSP.dll
0x00007ffc49a70000 - 0x00007ffc49aa9000 	C:\windows\system32\rsaenh.dll
0x00007ffc4a130000 - 0x00007ffc4a162000 	C:\windows\SYSTEM32\USERENV.dll
0x00007ffc4ac70000 - 0x00007ffc4ac9a000 	C:\windows\SYSTEM32\bcrypt.dll
0x00007ffc4a360000 - 0x00007ffc4a36c000 	C:\windows\SYSTEM32\CRYPTBASE.dll
0x00007ffc49530000 - 0x00007ffc49563000 	C:\windows\SYSTEM32\IPHLPAPI.DLL
0x00007ffc4da20000 - 0x00007ffc4da2a000 	C:\windows\System32\NSI.dll
0x00007ffc32050000 - 0x00007ffc32099000 	C:\Users\Victus\AppData\Local\Temp\jna--1422344170\jna166933077517997625.dll
0x00007ffc4c6e0000 - 0x00007ffc4c6e8000 	C:\windows\System32\PSAPI.DLL
0x00007ffc45210000 - 0x00007ffc4522d000 	C:\windows\SYSTEM32\dhcpcsvc6.DLL
0x00007ffc451e0000 - 0x00007ffc45203000 	C:\windows\SYSTEM32\dhcpcsvc.DLL
0x00007ffc25790000 - 0x00007ffc2579e000 	C:\Users\Victus\.antigravity\extensions\redhat.java-1.53.0-win32-x64\jre\21.0.10-win32-x86_64\bin\sunmscapi.dll
0x00007ffc4bb50000 - 0x00007ffc4bcc7000 	C:\windows\System32\CRYPT32.dll
0x00007ffc4a580000 - 0x00007ffc4a5b0000 	C:\windows\SYSTEM32\ncrypt.dll
0x00007ffc4a530000 - 0x00007ffc4a56f000 	C:\windows\SYSTEM32\NTASN1.dll
0x00007ffc495d0000 - 0x00007ffc496fa000 	C:\windows\SYSTEM32\DNSAPI.dll
0x00007ffc409c0000 - 0x00007ffc409cb000 	C:\Windows\System32\rasadhlp.dll
0x00007ffc45320000 - 0x00007ffc453a6000 	C:\windows\System32\fwpuclnt.dll
0x00007ffc25780000 - 0x00007ffc25789000 	C:\Users\Victus\.antigravity\extensions\redhat.java-1.53.0-win32-x64\jre\21.0.10-win32-x86_64\bin\extnet.dll
0x00007ffc32020000 - 0x00007ffc32047000 	C:\Users\Victus\.gradle\native\1def1411415f61bf3af743bc5b6707747c0891f09f0c88961ee8f79bc544acac\windows-amd64\native-platform.dll
0x00007ffc3ec00000 - 0x00007ffc3ec0a000 	C:\Users\Victus\.antigravity\extensions\redhat.java-1.53.0-win32-x64\jre\21.0.10-win32-x86_64\bin\management.dll
0x00007ffc3dfc0000 - 0x00007ffc3dfcc000 	C:\Users\Victus\.antigravity\extensions\redhat.java-1.53.0-win32-x64\jre\21.0.10-win32-x86_64\bin\management_ext.dll
0x00007ffc00c80000 - 0x00007ffc00c88000 	C:\windows\system32\wshunix.dll

JVMTI agents:
c:\Users\Victus\.antigravity\extensions\redhat.java-1.53.0-win32-x64\lombok\lombok-1.18.39-4050.jar path:c:\Users\Victus\.antigravity\extensions\redhat.java-1.53.0-win32-x64\jre\21.0.10-win32-x86_64\bin\instrument.dll, loaded, initialized, instrumentlib options:none

dbghelp: loaded successfully - version: 4.0.5 - missing functions: none
symbol engine: initialized successfully - sym options: 0x614 - pdb path: .;c:\Users\Victus\.antigravity\extensions\redhat.java-1.53.0-win32-x64\jre\21.0.10-win32-x86_64\bin;C:\windows\SYSTEM32;C:\windows\WinSxS\amd64_microsoft.windows.common-controls_6595b64144ccf1df_6.0.26100.8037_none_3e092faae333b53b;c:\Users\Victus\.antigravity\extensions\redhat.java-1.53.0-win32-x64\jre\21.0.10-win32-x86_64\bin\server;C:\Users\Victus\AppData\Roaming\Antigravity\User\globalStorage\redhat.java\1.53.0\config_win\org.eclipse.equinox.launcher\org.eclipse.equinox.launcher.win32.win32.x86_64_1.3.0.v20260203-2149;C:\Users\Victus\AppData\Local\Temp\jna--1422344170;C:\Users\Victus\.gradle\native\1def1411415f61bf3af743bc5b6707747c0891f09f0c88961ee8f79bc544acac\windows-amd64

VM Arguments:
jvm_args: --add-modules=ALL-SYSTEM --add-opens=java.base/java.util=ALL-UNNAMED --add-opens=java.base/java.lang=ALL-UNNAMED --add-opens=java.base/sun.nio.fs=ALL-UNNAMED -Declipse.application=org.eclipse.jdt.ls.core.id1 -Dosgi.bundles.defaultStartLevel=4 -Declipse.product=org.eclipse.jdt.ls.core.product -Djava.import.generatesMetadataFilesAtProjectRoot=false -DDetectVMInstallationsJob.disabled=true -Dfile.encoding=utf8 -XX:+UseParallelGC -XX:GCTimeRatio=4 -XX:AdaptiveSizePolicyWeight=90 -Dsun.zip.disableMemoryMapping=true -Xmx2G -Xms100m -Xlog:disable -javaagent:c:\Users\Victus\.antigravity\extensions\redhat.java-1.53.0-win32-x64\lombok\lombok-1.18.39-4050.jar -XX:+HeapDumpOnOutOfMemoryError -XX:HeapDumpPath=c:\Users\Victus\AppData\Roaming\Antigravity\User\workspaceStorage\e62d92b64980c16ddbb7deb33a18e509\redhat.java -Daether.dependencyCollector.impl=bf 
java_command: c:\Users\Victus\.antigravity\extensions\redhat.java-1.53.0-win32-x64\server\plugins\org.eclipse.equinox.launcher_1.7.100.v20251111-0406.jar -configuration c:\Users\Victus\AppData\Roaming\Antigravity\User\globalStorage\redhat.java\1.53.0\config_win -data c:\Users\Victus\AppData\Roaming\Antigravity\User\workspaceStorage\e62d92b64980c16ddbb7deb33a18e509\redhat.java\jdt_ws --pipe=\\.\pipe\lsp-e711b6d077eafbeb7e3f24033122d369-sock
java_class_path (initial): c:\Users\Victus\.antigravity\extensions\redhat.java-1.53.0-win32-x64\server\plugins\org.eclipse.equinox.launcher_1.7.100.v20251111-0406.jar
Launcher Type: SUN_STANDARD

[Global flags]
    uintx AdaptiveSizePolicyWeight                 = 90                                        {product} {command line}
     intx CICompilerCount                          = 4                                         {product} {ergonomic}
    uintx GCTimeRatio                              = 4                                         {product} {command line}
     bool HeapDumpOnOutOfMemoryError               = true                                   {manageable} {command line}
    ccstr HeapDumpPath                             = c:\Users\Victus\AppData\Roaming\Antigravity\User\workspaceStorage\e62d92b64980c16ddbb7deb33a18e509\redhat.java         {manageable} {command line}
   size_t InitialHeapSize                          = 104857600                                 {product} {command line}
   size_t MaxHeapSize                              = 2147483648                                {product} {command line}
   size_t MaxNewSize                               = 715653120                                 {product} {ergonomic}
   size_t MinHeapDeltaBytes                        = 524288                                    {product} {ergonomic}
   size_t MinHeapSize                              = 104857600                                 {product} {command line}
   size_t NewSize                                  = 34603008                                  {product} {ergonomic}
    uintx NonNMethodCodeHeapSize                   = 5839372                                {pd product} {ergonomic}
    uintx NonProfiledCodeHeapSize                  = 122909434                              {pd product} {ergonomic}
   size_t OldSize                                  = 70254592                                  {product} {ergonomic}
    uintx ProfiledCodeHeapSize                     = 122909434                              {pd product} {ergonomic}
    uintx ReservedCodeCacheSize                    = 251658240                              {pd product} {ergonomic}
     bool SegmentedCodeCache                       = true                                      {product} {ergonomic}
   size_t SoftMaxHeapSize                          = 2147483648                             {manageable} {ergonomic}
     bool UseCompressedOops                        = true                           {product lp64_product} {ergonomic}
     bool UseLargePagesIndividualAllocation        = false                                  {pd product} {ergonomic}
     bool UseParallelGC                            = true                                      {product} {command line}

Logging:
Log output configuration:
 #0: stdout all=off uptime,level,tags foldmultilines=false
 #1: stderr all=off uptime,level,tags foldmultilines=false

Release file:
JAVA_VERSION="21.0.10" 
MODULES="java.base java.compiler java.datatransfer java.xml java.prefs java.desktop java.instrument java.logging java.management java.security.sasl java.naming java.rmi java.management.rmi java.net.http java.scripting java.security.jgss java.transaction.xa java.sql java.sql.rowset java.xml.crypto java.se java.smartcardio jdk.accessibility jdk.internal.jvmstat jdk.attach jdk.charsets jdk.internal.opt jdk.zipfs jdk.compiler jdk.crypto.ec jdk.crypto.cryptoki jdk.crypto.mscapi jdk.dynalink jdk.internal.ed jdk.editpad jdk.hotspot.agent jdk.httpserver jdk.internal.le jdk.internal.vm.ci jdk.internal.vm.compiler jdk.internal.vm.compiler.management jdk.jartool jdk.javadoc jdk.jcmd jdk.management jdk.management.agent jdk.jconsole jdk.jdeps jdk.jdwp.agent jdk.jdi jdk.jfr jdk.jshell jdk.jsobject jdk.jstatd jdk.localedata jdk.management.jfr jdk.naming.dns jdk.naming.rmi jdk.net jdk.nio.mapmode jdk.random jdk.sctp jdk.security.auth jdk.security.jgss jdk.unsupported jdk.unsupported.desktop jdk.xml.dom" 

Environment Variables:
JAVA_HOME=C:\Program Files\Microsoft\jdk-17.0.16.8-hotspot\
PATH=C:\Program Files\Microsoft SDKs\Azure\CLI2\wbin;C:\Program Files\Microsoft\jdk-17.0.16.8-hotspot\bin;d:\development\cursor\resources\app\bin;C:\Program Files (x86)\Google\Chrome\Application;C:\windows\system32;C:\windows;C:\windows\System32\Wbem;C:\windows\System32\WindowsPowerShell\v1.0\;C:\windows\System32\OpenSSH\;C:\Program Files\MySQL\MySQL Server 8.0\bin;C:\Users\Victus\AppData\Local\Microsoft\WindowsApps;C:\Program Files\JetBrains\IntelliJ IDEA 2025.1.1.1\bin;d:\development\cursor\resources\app\bin;C:\flutter\src\flutter\bin;C:\ProgramData\chocolatey\bin;C:\Users\Victus\AppData\Local\Programs\Python\Python313;C:\Users\Victus\AppData\Local\Programs\Python\Python313\Scripts;C:\Users\Victus\AppData\Local\Android\Sdk\cmdline-tools\latest\bin;C:\Users\Victus\AppData\Local\Android\Sdk\platform-tools;C:\Users\Victus\AppData\Local\nvm;C:\nvm4w\nodejs;C:\Program Files\Git\cmd;C:\gradle-8.2.1\bin;C:\Program Files\nodejs\;C:\ProgramData\chocolatey\lib\maven\apache-maven-3.9.11\bin;C:\Program Files\GitHub CLI\;C:\Users\Victus\.local\bin;C:\Users\Victus\AppData\Local\Programs\Eclipse Adoptium\jdk-25.0.0.36-hotspot\bin;C:\Program Files\nodejs;C:\Program Files\Microsoft\jdk-17.0.16.8-hotspot\bin;d:\development\cursor\resources\app\bin;C:\Program Files (x86)\Google\Chrome\Application;C:\windows\system32;C:\windows;C:\windows\System32\Wbem;C:\windows\System32\WindowsPowerShell\v1.0\;C:\windows\System32\OpenSSH\;C:\Users\Victus\AppData\Local\Microsoft\WindowsApps;C:\Program Files\Git\cmd;C:\windows;C:\windows\System32\OpenSSH\;C:\ProgramData\chocolatey\bin;C:\Users\Victus\AppData\Local\Programs\cursor\resources\app\bin;D:\Windsurf\bin;C:\Users\Victus\AppData\Roaming\npm;C:\gradle\gradle-8.5\bin;C:\Users\Victus\AppData\Local\Programs\Microsoft VS Code\bin;C:\Users\Victus\AppData\Local\Programs\Kiro\bin;C:\Users\Victus\.fly\bin;D:\Antigravity\bin
USERNAME=aditya
OS=Windows_NT
PROCESSOR_IDENTIFIER=AMD64 Family 25 Model 80 Stepping 0, AuthenticAMD
TMP=C:\Users\Victus\AppData\Local\Temp
TEMP=C:\Users\Victus\AppData\Local\Temp




Periodic native trim disabled

---------------  S Y S T E M  ---------------

OS:
 Windows 11 , 64 bit Build 26100 (10.0.26100.7920)
OS uptime: 0 days 7:21 hours
Hyper-V role detected

CPU: total 12 (initial active 12) (12 cores per cpu, 2 threads per core) family 25 model 80 stepping 0 microcode 0xa500011, cx8, cmov, fxsr, ht, mmx, 3dnowpref, sse, sse2, sse3, ssse3, sse4a, sse4.1, sse4.2, popcnt, lzcnt, tsc, tscinvbit, avx, avx2, aes, erms, clmul, bmi1, bmi2, adx, sha, fma, vzeroupper, clflush, clflushopt, hv, rdtscp, rdpid, fsrm, f16c, cet_ss
Processor Information for the first 12 processors :
  Max Mhz: 3301, Current Mhz: 3301, Mhz Limit: 3301

Memory: 4k page, system-wide physical 15710M (32M free)
TotalPageFile size 40233M (AvailPageFile size 1M)
current process WorkingSet (physical memory assigned to process): 81M, peak: 1345M
current process commit charge ("private bytes"): 1191M, peak: 1192M

vm_info: OpenJDK 64-Bit Server VM (21.0.10+7-LTS) for windows-amd64 JRE (21.0.10+7-LTS), built on 2026-01-20T00:00:00Z by "admin" with MS VC++ 17.12 (VS2022)

END.
